<?xml version="1.0" encoding="UTF-8"?>
<testng-results skipped="0" failed="0" total="1" passed="1">
  <reporter-output>
  </reporter-output>
  <suite name="Suite" duration-ms="87221" started-at="2016-03-08T13:48:19Z" finished-at="2016-03-08T13:49:47Z">
    <groups>
    </groups>
    <test name="Test" duration-ms="87221" started-at="2016-03-08T13:48:19Z" finished-at="2016-03-08T13:49:47Z">
      <class name="shop.gcrit.driver.ExecuteTest">
        <test-method status="PASS" signature="test()[pri:0, instance:shop.gcrit.driver.ExecuteTest@71809907]" name="test" duration-ms="87206" started-at="2016-03-08T14:48:19Z" finished-at="2016-03-08T14:49:47Z">
          <reporter-output>
          </reporter-output>
        </test-method> <!-- test -->
      </class> <!-- shop.gcrit.driver.ExecuteTest -->
    </test> <!-- Test -->
  </suite> <!-- Suite -->
</testng-results>
